<?xml version="1.0" encoding="UTF-8" standalone="no"?>
<testsuite failures="1" name="cucumber.runtime.formatter.JUnitFormatter" skipped="0" tests="1" time="0.002213">
<testcase classname="Trip to India" name="Fill all details and book the dates for trip to India" time="0.002213">
<failure message="org.picocontainer.injectors.AbstractInjector$UnsatisfiableDependenciesException: com.mailtravel.hooks.ScenarioHooks has unsatisfied dependency 'interface org.openqa.selenium.WebDriver' for constructor 'public com.mailtravel.hooks.ScenarioHooks(org.openqa.selenium.WebDriver)' from org.picocontainer.DefaultPicoContainer@49912c99:3&lt;|&#10;&#9;at org.picocontainer.injectors.ConstructorInjector.getGreediestSatisfiableConstructor(ConstructorInjector.java:191)&#10;&#9;at org.picocontainer.injectors.ConstructorInjector.getGreediestSatisfiableConstructor(ConstructorInjector.java:110)&#10;&#9;at org.picocontainer.injectors.ConstructorInjector.access$100(ConstructorInjector.java:51)&#10;&#9;at org.picocontainer.injectors.ConstructorInjector$1.run(ConstructorInjector.java:331)&#10;&#9;at org.picocontainer.injectors.AbstractInjector$ThreadLocalCyclicDependencyGuard.observe(AbstractInjector.java:270)&#10;&#9;at org.picocontainer.injectors.ConstructorInjector.getComponentInstance(ConstructorInjector.java:364)&#10;&#9;at org.picocontainer.injectors.AbstractInjectionFactory$LifecycleAdapter.getComponentInstance(AbstractInjectionFactory.java:56)&#10;&#9;at org.picocontainer.behaviors.AbstractBehavior.getComponentInstance(AbstractBehavior.java:64)&#10;&#9;at org.picocontainer.behaviors.Stored.getComponentInstance(Stored.java:91)&#10;&#9;at org.picocontainer.DefaultPicoContainer.getInstance(DefaultPicoContainer.java:699)&#10;&#9;at org.picocontainer.DefaultPicoContainer.getComponent(DefaultPicoContainer.java:647)&#10;&#9;at org.picocontainer.DefaultPicoContainer.getComponent(DefaultPicoContainer.java:678)&#10;&#9;at cucumber.runtime.java.picocontainer.PicoFactory.getInstance(PicoFactory.java:40)&#10;&#9;at cucumber.runtime.java.JavaHookDefinition.execute(JavaHookDefinition.java:60)&#10;&#9;at cucumber.runtime.Runtime.runHookIfTagsMatch(Runtime.java:224)&#10;&#9;at cucumber.runtime.Runtime.runHooks(Runtime.java:212)&#10;&#9;at cucumber.runtime.Runtime.runBeforeHooks(Runtime.java:202)&#10;&#9;at cucumber.runtime.model.CucumberScenario.run(CucumberScenario.java:40)&#10;&#9;at cucumber.runtime.junit.ExecutionUnitRunner.run(ExecutionUnitRunner.java:102)&#10;&#9;at cucumber.runtime.junit.FeatureRunner.runChild(FeatureRunner.java:63)&#10;&#9;at cucumber.runtime.junit.FeatureRunner.runChild(FeatureRunner.java:18)&#10;&#9;at org.junit.runners.ParentRunner$3.run(ParentRunner.java:290)&#10;&#9;at org.junit.runners.ParentRunner$1.schedule(ParentRunner.java:71)&#10;&#9;at org.junit.runners.ParentRunner.runChildren(ParentRunner.java:288)&#10;&#9;at org.junit.runners.ParentRunner.access$000(ParentRunner.java:58)&#10;&#9;at org.junit.runners.ParentRunner$2.evaluate(ParentRunner.java:268)&#10;&#9;at org.junit.runners.ParentRunner.run(ParentRunner.java:363)&#10;&#9;at cucumber.runtime.junit.FeatureRunner.run(FeatureRunner.java:70)&#10;&#9;at cucumber.api.junit.Cucumber.runChild(Cucumber.java:95)&#10;&#9;at cucumber.api.junit.Cucumber.runChild(Cucumber.java:38)&#10;&#9;at org.junit.runners.ParentRunner$3.run(ParentRunner.java:290)&#10;&#9;at org.junit.runners.ParentRunner$1.schedule(ParentRunner.java:71)&#10;&#9;at org.junit.runners.ParentRunner.runChildren(ParentRunner.java:288)&#10;&#9;at org.junit.runners.ParentRunner.access$000(ParentRunner.java:58)&#10;&#9;at org.junit.runners.ParentRunner$2.evaluate(ParentRunner.java:268)&#10;&#9;at org.junit.runners.ParentRunner.run(ParentRunner.java:363)&#10;&#9;at cucumber.api.junit.Cucumber.run(Cucumber.java:100)&#10;&#9;at org.junit.runner.JUnitCore.run(JUnitCore.java:137)&#10;&#9;at com.intellij.junit4.JUnit4IdeaTestRunner.startRunnerWithArgs(JUnit4IdeaTestRunner.java:69)&#10;&#9;at com.intellij.rt.junit.IdeaTestRunner$Repeater.startRunnerWithArgs(IdeaTestRunner.java:33)&#10;&#9;at com.intellij.rt.junit.JUnitStarter.prepareStreamsAndStart(JUnitStarter.java:220)&#10;&#9;at com.intellij.rt.junit.JUnitStarter.main(JUnitStarter.java:53)&#10;"><![CDATA[Given I am on the 'MailTravel' home page....................................skipped
When I enter 'India' in the search box......................................skipped
Then I landed in the page which listed tourism in India.....................skipped
When I click on 'More Info' button..........................................skipped
Then Verify the date and the price for travelling...........................skipped
And Verify the telephone number provided in the details.....................skipped
When I click on the itineary tab............................................skipped
Then Verify all the days are showing some info..............................skipped
When I click on 'Book Online' button........................................skipped
Then Verify the first date of availability..................................skipped
And Verify date available should be departure date..........................skipped
And Click on 'Select. button and view transport info........................skipped
When I enter the details for standard room in accomodation..................skipped
And I click on 'Select Accomodatio' button..................................skipped
And I continue without 'Extras'.............................................skipped
Then I landed in Passenger details..........................................skipped
When I enter the passengers info............................................skipped
And I enetr the Lead Contact Details........................................skipped
And I click on 'Continue' button............................................skipped

StackTrace:
org.picocontainer.injectors.AbstractInjector$UnsatisfiableDependenciesException: com.mailtravel.hooks.ScenarioHooks has unsatisfied dependency 'interface org.openqa.selenium.WebDriver' for constructor 'public com.mailtravel.hooks.ScenarioHooks(org.openqa.selenium.WebDriver)' from org.picocontainer.DefaultPicoContainer@49912c99:3<|
	at org.picocontainer.injectors.ConstructorInjector.getGreediestSatisfiableConstructor(ConstructorInjector.java:191)
	at org.picocontainer.injectors.ConstructorInjector.getGreediestSatisfiableConstructor(ConstructorInjector.java:110)
	at org.picocontainer.injectors.ConstructorInjector.access$100(ConstructorInjector.java:51)
	at org.picocontainer.injectors.ConstructorInjector$1.run(ConstructorInjector.java:331)
	at org.picocontainer.injectors.AbstractInjector$ThreadLocalCyclicDependencyGuard.observe(AbstractInjector.java:270)
	at org.picocontainer.injectors.ConstructorInjector.getComponentInstance(ConstructorInjector.java:364)
	at org.picocontainer.injectors.AbstractInjectionFactory$LifecycleAdapter.getComponentInstance(AbstractInjectionFactory.java:56)
	at org.picocontainer.behaviors.AbstractBehavior.getComponentInstance(AbstractBehavior.java:64)
	at org.picocontainer.behaviors.Stored.getComponentInstance(Stored.java:91)
	at org.picocontainer.DefaultPicoContainer.getInstance(DefaultPicoContainer.java:699)
	at org.picocontainer.DefaultPicoContainer.getComponent(DefaultPicoContainer.java:647)
	at org.picocontainer.DefaultPicoContainer.getComponent(DefaultPicoContainer.java:678)
	at cucumber.runtime.java.picocontainer.PicoFactory.getInstance(PicoFactory.java:40)
	at cucumber.runtime.java.JavaHookDefinition.execute(JavaHookDefinition.java:60)
	at cucumber.runtime.Runtime.runHookIfTagsMatch(Runtime.java:224)
	at cucumber.runtime.Runtime.runHooks(Runtime.java:212)
	at cucumber.runtime.Runtime.runBeforeHooks(Runtime.java:202)
	at cucumber.runtime.model.CucumberScenario.run(CucumberScenario.java:40)
	at cucumber.runtime.junit.ExecutionUnitRunner.run(ExecutionUnitRunner.java:102)
	at cucumber.runtime.junit.FeatureRunner.runChild(FeatureRunner.java:63)
	at cucumber.runtime.junit.FeatureRunner.runChild(FeatureRunner.java:18)
	at org.junit.runners.ParentRunner$3.run(ParentRunner.java:290)
	at org.junit.runners.ParentRunner$1.schedule(ParentRunner.java:71)
	at org.junit.runners.ParentRunner.runChildren(ParentRunner.java:288)
	at org.junit.runners.ParentRunner.access$000(ParentRunner.java:58)
	at org.junit.runners.ParentRunner$2.evaluate(ParentRunner.java:268)
	at org.junit.runners.ParentRunner.run(ParentRunner.java:363)
	at cucumber.runtime.junit.FeatureRunner.run(FeatureRunner.java:70)
	at cucumber.api.junit.Cucumber.runChild(Cucumber.java:95)
	at cucumber.api.junit.Cucumber.runChild(Cucumber.java:38)
	at org.junit.runners.ParentRunner$3.run(ParentRunner.java:290)
	at org.junit.runners.ParentRunner$1.schedule(ParentRunner.java:71)
	at org.junit.runners.ParentRunner.runChildren(ParentRunner.java:288)
	at org.junit.runners.ParentRunner.access$000(ParentRunner.java:58)
	at org.junit.runners.ParentRunner$2.evaluate(ParentRunner.java:268)
	at org.junit.runners.ParentRunner.run(ParentRunner.java:363)
	at cucumber.api.junit.Cucumber.run(Cucumber.java:100)
	at org.junit.runner.JUnitCore.run(JUnitCore.java:137)
	at com.intellij.junit4.JUnit4IdeaTestRunner.startRunnerWithArgs(JUnit4IdeaTestRunner.java:69)
	at com.intellij.rt.junit.IdeaTestRunner$Repeater.startRunnerWithArgs(IdeaTestRunner.java:33)
	at com.intellij.rt.junit.JUnitStarter.prepareStreamsAndStart(JUnitStarter.java:220)
	at com.intellij.rt.junit.JUnitStarter.main(JUnitStarter.java:53)
]]></failure>
</testcase>
</testsuite>
